<?xml version="1.0" encoding="UTF-8"?>
<!-- Generated by org.testng.reporters.JUnitReportReporter -->
<testsuite skipped="0" hostname="DESKTOP-M183S7M" name="Camapaign.LoginTest" tests="1" failures="0" timestamp="12 Sep 2019 11:04:26 GMT" time="19.375" errors="0">
  <testcase name="verifyCRMLoginTest" time="19.375" classname="Camapaign.LoginTest"/>
</testsuite> <!-- Camapaign.LoginTest -->
