<?xml version="1.0" encoding="UTF-8"?>
<!-- Generated by org.testng.reporters.JUnitReportReporter -->
<testsuite skipped="0" hostname="DESKTOP-M183S7M" name="Camapaign.LoginTest" tests="1" failures="0" timestamp="10 Sep 2019 12:53:14 GMT" time="11.315" errors="0">
  <testcase name="verifyCRMLoginTest" time="11.315" classname="Camapaign.LoginTest"/>
</testsuite> <!-- Camapaign.LoginTest -->
